<?xml version="1.0" encoding="UTF-8"?>
<testng-results ignored="0" total="1" passed="1" failed="0" skipped="0">
  <reporter-output>
  </reporter-output>
  <suite started-at="2022-09-24T15:58:21Z" name="Default suite" finished-at="2022-09-24T15:58:42Z" duration-ms="21568">
    <groups>
    </groups>
    <test started-at="2022-09-24T15:58:21Z" name="Default test" finished-at="2022-09-24T15:58:42Z" duration-ms="21568">
      <class name="testCases_Search.TC_01_SearchDress">
        <test-method is-config="true" signature="startWebDriver()[pri:0, instance:testCases_Search.TC_01_SearchDress@79a1728c]" started-at="2022-09-24T10:58:21Z" name="startWebDriver" finished-at="2022-09-24T10:58:33Z" duration-ms="12313" status="PASS">
          <reporter-output>
          </reporter-output>
        </test-method> <!-- startWebDriver -->
        <test-method signature="TC_01()[pri:0, instance:testCases_Search.TC_01_SearchDress@79a1728c]" started-at="2022-09-24T10:58:33Z" name="TC_01" finished-at="2022-09-24T10:58:42Z" duration-ms="9234" status="PASS">
          <reporter-output>
          </reporter-output>
        </test-method> <!-- TC_01 -->
      </class> <!-- testCases_Search.TC_01_SearchDress -->
    </test> <!-- Default test -->
  </suite> <!-- Default suite -->
</testng-results>
