<?xml version="1.0" encoding="UTF-8"?>
<testng-results ignored="0" total="1" passed="1" failed="0" skipped="0">
  <reporter-output>
  </reporter-output>
  <suite started-at="2022-08-27T15:22:38Z" name="Default suite" finished-at="2022-08-27T15:22:41Z" duration-ms="3125">
    <groups>
    </groups>
    <test started-at="2022-08-27T15:22:38Z" name="Default test" finished-at="2022-08-27T15:22:41Z" duration-ms="3125">
      <class name="prueba.NewTest">
        <test-method signature="test1()[pri:0, instance:prueba.NewTest@58cbafc2]" started-at="2022-08-27T10:22:38Z" name="test1" finished-at="2022-08-27T10:22:41Z" duration-ms="3108" status="PASS">
          <reporter-output>
          </reporter-output>
        </test-method> <!-- test1 -->
      </class> <!-- prueba.NewTest -->
    </test> <!-- Default test -->
  </suite> <!-- Default suite -->
</testng-results>
